2014-12-25 08:37:57 - INFO - =========================================================== [:]
2014-12-25 08:37:57 - INFO - Starting Internet Map Server [:]
2014-12-25 08:37:57 - INFO - Load Data Engine [:]
2014-12-25 08:37:58 - ERROR - E:\Research\Auge.GIS\Dist\32_x86_win_vc10\binD\GShapeD.dll [e:\research\auge.gis\engine\data\gdengine\src\dataenginemanagerimpl.cpp:245]
2014-12-25 08:37:58 - ERROR - 找不到指定的模块。
 [e:\research\auge.gis\engine\data\gdengine\src\dataenginemanagerimpl.cpp:246]
2014-12-25 08:37:58 - INFO - Load Service Engine [:]
2014-12-25 08:37:58 - INFO - Load Config File [:]
2014-12-25 08:37:58 - INFO - Initialize IMS Database Connection [:]
2014-12-25 08:37:58 - DEBUG - select oid from pg_type where typname='geometry' [e:\research\auge.gis\engine\data\gpostgres\src\connectionpgs.cpp:148]
2014-12-25 08:37:58 - INFO - Load  [:]
2014-12-25 08:37:58 - INFO - Initialize Connection Pool [:]
2014-12-25 08:37:58 - DEBUG - select count(*) from pg_class where relname='g_data_source' [e:\research\auge.gis\engine\data\gpostgres\src\connectionpgs.cpp:148]
2014-12-25 08:37:58 - DEBUG - select gid,name,engine,uri,state from g_data_source [e:\research\auge.gis\engine\data\gpostgres\src\connectionpgs.cpp:96]
2014-12-25 08:37:58 - INFO - Initialize Carto Pool [:]
2014-12-25 08:37:58 - DEBUG - select count(*) from pg_class where relname='g_map' [e:\research\auge.gis\engine\data\gpostgres\src\connectionpgs.cpp:148]
2014-12-25 08:37:58 - DEBUG - select count(*) from pg_class where relname='g_style' [e:\research\auge.gis\engine\data\gpostgres\src\connectionpgs.cpp:148]
2014-12-25 08:37:58 - DEBUG - select count(*) from pg_class where relname='g_layer' [e:\research\auge.gis\engine\data\gpostgres\src\connectionpgs.cpp:148]
2014-12-25 08:37:58 - INFO - Initialize Service Pool [:]
2014-12-25 08:37:58 - DEBUG - select count(*) from pg_class where relname='g_service' [e:\research\auge.gis\engine\data\gpostgres\src\connectionpgs.cpp:148]
2014-12-25 08:37:58 - DEBUG - CREATE TABLE g_service(gid serial NOT NULL,s_name character varying(32) NOT NULL,m_id integer DEFAULT -1,version integer DEFAULT 1,state integer NOT NULL DEFAULT 0,CONSTRAINT g_service_pkey PRIMARY KEY (gid ),CONSTRAINT g_service_s_name_key UNIQUE (s_name )) [e:\research\auge.gis\engine\data\gpostgres\src\connectionpgs.cpp:148]
2014-12-25 08:37:59 - INFO - ----------------------------------------------------------- [:]
2014-12-25 08:37:59 - INFO - Internet Map Server Started. [:]
2014-12-25 08:37:59 - INFO - ----------------------------------------------------------- [:]
2014-12-25 08:37:59 - INFO - CGI [SERVER_NAME]:127.0.0.1 [:]
2014-12-25 08:37:59 - INFO - CGI [SERVER_SOFTWARE]:Apache/2.2.22 (Win32) mod_fcgid/2.3.5 [:]
2014-12-25 08:37:59 - INFO - CGI [GATEWAY_INTERFACE]:CGI/1.1 [:]
2014-12-25 08:37:59 - INFO - CGI [SERVER_PROTOCOL]:HTTP/1.1 [:]
2014-12-25 08:37:59 - INFO - CGI [SERVER_PORT]:8088 [:]
2014-12-25 08:37:59 - INFO - CGI [REQUEST_METHOD]:GET [:]
2014-12-25 08:37:59 - INFO - CGI [HTTP_HOST]:127.0.0.1:8088 [:]
2014-12-25 08:37:59 - INFO - CGI [HTTP_ACCEPT]:text/html, application/xhtml+xml, */* [:]
2014-12-25 08:37:59 - INFO - CGI [HTTP_USER_AGENT]:Mozilla/5.0 (Windows NT 6.1; WOW64; Trident/7.0; rv:11.0) like Gecko [:]
2014-12-25 08:37:59 - INFO - CGI [HTTP_REFERER]: [:]
2014-12-25 08:37:59 - INFO - CGI [PATH_INFO]: [:]
2014-12-25 08:37:59 - INFO - CGI [PATH_TRANSLATED]: [:]
2014-12-25 08:37:59 - INFO - CGI [SCRIPT_NAME]:/auge/ims.cgi [:]
2014-12-25 08:37:59 - INFO - CGI [SCRIPT_FILENAME]:E:/Research/Auge.GIS/Dist/32_x86_win_vc10/binD/ims.cgi [:]
2014-12-25 08:37:59 - INFO - CGI [QUERY_STRING]:servicename=world&service=wms&version=1.3.0&request=GetMap&layers=country,cities,rivers&styles=&bbox=-180,-90,180,90&width=800&height=600&transparent=false&bgcolor= [:]
2014-12-25 08:37:59 - INFO - CGI [REMOTE_HOST]: [:]
2014-12-25 08:37:59 - INFO - CGI [REMOTE_ADDR]:127.0.0.1 [:]
2014-12-25 08:37:59 - INFO - CGI [REMOTE_USER]: [:]
2014-12-25 08:37:59 - INFO - CGI [REMOTE_IDENT]: [:]
2014-12-25 08:37:59 - INFO - CGI [CONTENT_TYPE]: [:]
2014-12-25 08:37:59 - INFO - CGI [CONTENT_LENGTH]: [:]
2014-12-25 08:37:59 - DEBUG - select gid, m_id, version, state from g_service where s_name='world' [e:\research\auge.gis\engine\data\gpostgres\src\connectionpgs.cpp:96]
2014-12-25 08:37:59 - ERROR - Service [world] not registered. [e:\research\auge.gis\engine\service\wservice\src\servicemanagerimpl.cpp:129]
2014-12-25 08:37:59 - ERROR - Service [world] not registered. [e:\research\auge.gis\engine\service\ims\ims.cpp:79]
2014-12-25 08:37:59 - INFO - ----------------------------------------------------------- [:]
2014-12-25 08:37:59 - INFO - Shutdowning Internet Map Server [:]
2014-12-25 08:37:59 - INFO - Shutdown Service Pool [:]
2014-12-25 08:37:59 - INFO - Shutdown Carto Pool [:]
2014-12-25 08:37:59 - INFO - Shutdown Connection Pool [:]
2014-12-25 08:37:59 - INFO - Shutdown Config [:]
2014-12-25 08:37:59 - INFO - Unload Service Engine [:]
2014-12-25 08:37:59 - INFO - Unload Data Engine [:]
2014-12-25 08:37:59 - INFO - =========================================================== [:]
2014-12-25 08:41:12 - INFO - =========================================================== [:]
2014-12-25 08:41:12 - INFO - Starting Internet Map Server [:]
2014-12-25 08:41:12 - INFO - Load Data Engine [:]
2014-12-25 08:41:12 - ERROR - E:\Research\Auge.GIS\Dist\32_x86_win_vc10\binD\GShapeD.dll [e:\research\auge.gis\engine\data\gdengine\src\dataenginemanagerimpl.cpp:245]
2014-12-25 08:41:12 - ERROR - 找不到指定的模块。
 [e:\research\auge.gis\engine\data\gdengine\src\dataenginemanagerimpl.cpp:246]
2014-12-25 08:41:12 - INFO - Load Service Engine [:]
2014-12-25 08:41:12 - INFO - Load Config File [:]
2014-12-25 08:41:12 - INFO - Initialize IMS Database Connection [:]
2014-12-25 08:41:12 - DEBUG - select oid from pg_type where typname='geometry' [e:\research\auge.gis\engine\data\gpostgres\src\connectionpgs.cpp:148]
2014-12-25 08:41:12 - INFO - Load  [:]
2014-12-25 08:41:12 - INFO - Initialize Connection Pool [:]
2014-12-25 08:41:12 - DEBUG - select count(*) from pg_class where relname='g_data_source' [e:\research\auge.gis\engine\data\gpostgres\src\connectionpgs.cpp:148]
2014-12-25 08:41:12 - DEBUG - select gid,name,engine,uri,state from g_data_source [e:\research\auge.gis\engine\data\gpostgres\src\connectionpgs.cpp:96]
2014-12-25 08:41:12 - INFO - Initialize Carto Pool [:]
2014-12-25 08:41:12 - DEBUG - select count(*) from pg_class where relname='g_map' [e:\research\auge.gis\engine\data\gpostgres\src\connectionpgs.cpp:148]
2014-12-25 08:41:12 - DEBUG - select count(*) from pg_class where relname='g_style' [e:\research\auge.gis\engine\data\gpostgres\src\connectionpgs.cpp:148]
2014-12-25 08:41:12 - DEBUG - select count(*) from pg_class where relname='g_layer' [e:\research\auge.gis\engine\data\gpostgres\src\connectionpgs.cpp:148]
2014-12-25 08:41:12 - INFO - Initialize Service Pool [:]
2014-12-25 08:41:12 - DEBUG - select count(*) from pg_class where relname='g_service' [e:\research\auge.gis\engine\data\gpostgres\src\connectionpgs.cpp:148]
2014-12-25 08:41:12 - INFO - ----------------------------------------------------------- [:]
2014-12-25 08:41:12 - INFO - Internet Map Server Started. [:]
2014-12-25 08:41:12 - INFO - ----------------------------------------------------------- [:]
2014-12-25 08:41:12 - INFO - CGI [SERVER_NAME]:127.0.0.1 [:]
2014-12-25 08:41:12 - INFO - CGI [SERVER_SOFTWARE]:Apache/2.2.22 (Win32) mod_fcgid/2.3.5 [:]
2014-12-25 08:41:12 - INFO - CGI [GATEWAY_INTERFACE]:CGI/1.1 [:]
2014-12-25 08:41:12 - INFO - CGI [SERVER_PROTOCOL]:HTTP/1.1 [:]
2014-12-25 08:41:12 - INFO - CGI [SERVER_PORT]:8088 [:]
2014-12-25 08:41:12 - INFO - CGI [REQUEST_METHOD]:GET [:]
2014-12-25 08:41:12 - INFO - CGI [HTTP_HOST]:127.0.0.1:8088 [:]
2014-12-25 08:41:12 - INFO - CGI [HTTP_ACCEPT]:text/html, application/xhtml+xml, */* [:]
2014-12-25 08:41:12 - INFO - CGI [HTTP_USER_AGENT]:Mozilla/5.0 (Windows NT 6.1; WOW64; Trident/7.0; rv:11.0) like Gecko [:]
2014-12-25 08:41:12 - INFO - CGI [HTTP_REFERER]: [:]
2014-12-25 08:41:12 - INFO - CGI [PATH_INFO]: [:]
2014-12-25 08:41:12 - INFO - CGI [PATH_TRANSLATED]: [:]
2014-12-25 08:41:12 - INFO - CGI [SCRIPT_NAME]:/auge/ims.cgi [:]
2014-12-25 08:41:12 - INFO - CGI [SCRIPT_FILENAME]:E:/Research/Auge.GIS/Dist/32_x86_win_vc10/binD/ims.cgi [:]
2014-12-25 08:41:12 - INFO - CGI [QUERY_STRING]:servicename=world&service=wms&version=1.3.0&request=GetMap&layers=country,cities,rivers&styles=&bbox=-180,-90,180,90&width=800&height=600&transparent=false&bgcolor= [:]
2014-12-25 08:41:12 - INFO - CGI [REMOTE_HOST]: [:]
2014-12-25 08:41:12 - INFO - CGI [REMOTE_ADDR]:127.0.0.1 [:]
2014-12-25 08:41:12 - INFO - CGI [REMOTE_USER]: [:]
2014-12-25 08:41:12 - INFO - CGI [REMOTE_IDENT]: [:]
2014-12-25 08:41:12 - INFO - CGI [CONTENT_TYPE]: [:]
2014-12-25 08:41:12 - INFO - CGI [CONTENT_LENGTH]: [:]
2014-12-25 08:41:12 - DEBUG - select gid, m_id, version, state from g_service where s_name='world' [e:\research\auge.gis\engine\data\gpostgres\src\connectionpgs.cpp:96]
2014-12-25 08:41:12 - DEBUG - select m_name,version from g_map where gid=1 [e:\research\auge.gis\engine\data\gpostgres\src\connectionpgs.cpp:96]
2014-12-25 08:41:12 - DEBUG - select gid,l_ame,l_type,f_name,d_id,s_id,visible,r_b,w_b,q_b,version from g_layer where m_id=1 order by gid [e:\research\auge.gis\engine\data\gpostgres\src\connectionpgs.cpp:96]
2014-12-25 08:41:12 - DEBUG - select oid from pg_type where typname='geometry' [e:\research\auge.gis\engine\data\gpostgres\src\connectionpgs.cpp:148]
2014-12-25 08:41:12 - DEBUG - select s_name,s_text from g_style where gid=1 [e:\research\auge.gis\engine\data\gpostgres\src\connectionpgs.cpp:96]
2014-12-25 08:41:12 - DEBUG - select s_name,s_text from g_style where gid=2 [e:\research\auge.gis\engine\data\gpostgres\src\connectionpgs.cpp:96]
2014-12-25 08:41:12 - DEBUG - select s_name,s_text from g_style where gid=4 [e:\research\auge.gis\engine\data\gpostgres\src\connectionpgs.cpp:96]
2014-12-25 08:41:12 - DEBUG - servicename=world&service=wms&version=1.3.0&request=GetMap&layers=country,cities,rivers&styles=&bbox=-180,-90,180,90&width=800&height=600&transparent=false&bgcolor= [:]
2014-12-25 08:41:12 - INFO - [BgColor]:Red=1.000000,Green=1.000000,Blue=1.000000,Alpha=1.000000 [e:\research\auge.gis\engine\service\wmengine\src\getmaprequest.cpp:117]
2014-12-25 08:41:12 - INFO - [Alpha]:255 [e:\research\auge.gis\engine\service\wmengine\src\wmengine.cpp:204]
2014-12-25 08:41:12 - DEBUG - select st_asbinary(the_geom) as the_geom from rivers [e:\research\auge.gis\engine\data\gpostgres\src\connectionpgs.cpp:148]
2014-12-25 08:42:19 - INFO - =========================================================== [:]
2014-12-25 08:42:19 - INFO - Starting Internet Map Server [:]
2014-12-25 08:42:19 - INFO - Load Data Engine [:]
2014-12-25 08:42:19 - ERROR - E:\Research\Auge.GIS\Dist\32_x86_win_vc10\binD\GShapeD.dll [e:\research\auge.gis\engine\data\gdengine\src\dataenginemanagerimpl.cpp:245]
2014-12-25 08:42:19 - ERROR - 找不到指定的模块。
 [e:\research\auge.gis\engine\data\gdengine\src\dataenginemanagerimpl.cpp:246]
2014-12-25 08:42:19 - INFO - Load Service Engine [:]
2014-12-25 08:42:19 - INFO - Load Config File [:]
2014-12-25 08:42:19 - INFO - Initialize IMS Database Connection [:]
2014-12-25 08:42:19 - DEBUG - select oid from pg_type where typname='geometry' [e:\research\auge.gis\engine\data\gpostgres\src\connectionpgs.cpp:148]
2014-12-25 08:42:19 - INFO - Load  [:]
2014-12-25 08:42:19 - INFO - Initialize Connection Pool [:]
2014-12-25 08:42:19 - DEBUG - select count(*) from pg_class where relname='g_data_source' [e:\research\auge.gis\engine\data\gpostgres\src\connectionpgs.cpp:148]
2014-12-25 08:42:19 - DEBUG - select gid,name,engine,uri,state from g_data_source [e:\research\auge.gis\engine\data\gpostgres\src\connectionpgs.cpp:96]
2014-12-25 08:42:19 - INFO - Initialize Carto Pool [:]
2014-12-25 08:42:19 - DEBUG - select count(*) from pg_class where relname='g_map' [e:\research\auge.gis\engine\data\gpostgres\src\connectionpgs.cpp:148]
2014-12-25 08:42:19 - DEBUG - select count(*) from pg_class where relname='g_style' [e:\research\auge.gis\engine\data\gpostgres\src\connectionpgs.cpp:148]
2014-12-25 08:42:19 - DEBUG - select count(*) from pg_class where relname='g_layer' [e:\research\auge.gis\engine\data\gpostgres\src\connectionpgs.cpp:148]
2014-12-25 08:42:19 - INFO - Initialize Service Pool [:]
2014-12-25 08:42:19 - DEBUG - select count(*) from pg_class where relname='g_service' [e:\research\auge.gis\engine\data\gpostgres\src\connectionpgs.cpp:148]
2014-12-25 08:42:19 - INFO - ----------------------------------------------------------- [:]
2014-12-25 08:42:19 - INFO - Internet Map Server Started. [:]
2014-12-25 08:42:19 - INFO - ----------------------------------------------------------- [:]
2014-12-25 08:42:21 - INFO - CGI [SERVER_NAME]: [:]
2014-12-25 08:42:21 - INFO - CGI [SERVER_SOFTWARE]: [:]
2014-12-25 08:42:21 - INFO - CGI [GATEWAY_INTERFACE]: [:]
2014-12-25 08:42:21 - INFO - CGI [SERVER_PROTOCOL]: [:]
2014-12-25 08:42:21 - INFO - CGI [SERVER_PORT]: [:]
2014-12-25 08:42:21 - INFO - CGI [REQUEST_METHOD]: [:]
2014-12-25 08:42:21 - INFO - CGI [HTTP_HOST]: [:]
2014-12-25 08:42:21 - INFO - CGI [HTTP_ACCEPT]: [:]
2014-12-25 08:42:21 - INFO - CGI [HTTP_USER_AGENT]: [:]
2014-12-25 08:42:21 - INFO - CGI [HTTP_REFERER]: [:]
2014-12-25 08:42:21 - INFO - CGI [PATH_INFO]: [:]
2014-12-25 08:42:21 - INFO - CGI [PATH_TRANSLATED]: [:]
2014-12-25 08:42:21 - INFO - CGI [SCRIPT_NAME]: [:]
2014-12-25 08:42:21 - INFO - CGI [SCRIPT_FILENAME]: [:]
2014-12-25 08:42:21 - INFO - CGI [QUERY_STRING]: [:]
2014-12-25 08:42:21 - INFO - CGI [REMOTE_HOST]: [:]
2014-12-25 08:42:21 - INFO - CGI [REMOTE_ADDR]: [:]
2014-12-25 08:42:21 - INFO - CGI [REMOTE_USER]: [:]
2014-12-25 08:42:21 - INFO - CGI [REMOTE_IDENT]: [:]
2014-12-25 08:42:21 - INFO - CGI [CONTENT_TYPE]: [:]
2014-12-25 08:42:21 - INFO - CGI [CONTENT_LENGTH]: [:]
2014-12-25 08:42:21 - DEBUG - select gid, m_id, version, state from g_service where s_name='world' [e:\research\auge.gis\engine\data\gpostgres\src\connectionpgs.cpp:96]
2014-12-25 08:42:21 - DEBUG - select m_name,version from g_map where gid=1 [e:\research\auge.gis\engine\data\gpostgres\src\connectionpgs.cpp:96]
2014-12-25 08:42:21 - DEBUG - select gid,l_ame,l_type,f_name,d_id,s_id,visible,r_b,w_b,q_b,version from g_layer where m_id=1 order by gid [e:\research\auge.gis\engine\data\gpostgres\src\connectionpgs.cpp:96]
2014-12-25 08:42:21 - DEBUG - select oid from pg_type where typname='geometry' [e:\research\auge.gis\engine\data\gpostgres\src\connectionpgs.cpp:148]
2014-12-25 08:42:21 - DEBUG - select s_name,s_text from g_style where gid=1 [e:\research\auge.gis\engine\data\gpostgres\src\connectionpgs.cpp:96]
2014-12-25 08:42:21 - DEBUG - select s_name,s_text from g_style where gid=2 [e:\research\auge.gis\engine\data\gpostgres\src\connectionpgs.cpp:96]
2014-12-25 08:42:21 - DEBUG - select s_name,s_text from g_style where gid=4 [e:\research\auge.gis\engine\data\gpostgres\src\connectionpgs.cpp:96]
2014-12-25 08:42:21 - DEBUG - servicename=world&service=wms&version=1.3.0&request=GetMap&layers=cities&styles=&bbox=-180,-90,180,90&width=800&height=600&transparent=false&bgcolor=#ff0000 [:]
2014-12-25 08:42:27 - INFO - [BgColor]:Red=1.000000,Green=0.000000,Blue=0.000000,Alpha=1.000000 [e:\research\auge.gis\engine\service\wmengine\src\getmaprequest.cpp:117]
2014-12-25 08:42:34 - INFO - [Alpha]:255 [e:\research\auge.gis\engine\service\wmengine\src\wmengine.cpp:204]
2014-12-25 08:42:36 - DEBUG - select st_asbinary(the_geom) as the_geom from cities [e:\research\auge.gis\engine\data\gpostgres\src\connectionpgs.cpp:148]
2014-12-25 08:42:36 - DEBUG - select st_asbinary(the_geom) as the_geom from cities [e:\research\auge.gis\engine\data\gpostgres\src\connectionpgs.cpp:148]
2014-12-25 08:42:36 - DEBUG - select st_asbinary(the_geom) as the_geom from cities [e:\research\auge.gis\engine\data\gpostgres\src\connectionpgs.cpp:148]
2014-12-25 08:42:42 - DEBUG - E:\Research\Auge.GIS\Dist\32_x86_win_vc10\binD\cache\map\4d98924e-9f69-49e6-b0b9-797826d09788.png [e:\research\auge.gis\engine\service\wmengine\src\getmapresponse.cpp:25]
2014-12-25 08:42:50 - INFO - [GetMap]:22.182毫秒 [:]
2014-12-25 08:42:50 - INFO - ----------------------------------------------------------- [:]
2014-12-25 08:42:50 - INFO - Shutdowning Internet Map Server [:]
2014-12-25 08:42:50 - INFO - Shutdown Service Pool [:]
2014-12-25 08:42:50 - INFO - Shutdown Carto Pool [:]
2014-12-25 08:42:50 - INFO - Shutdown Connection Pool [:]
2014-12-25 08:42:50 - INFO - Shutdown Config [:]
2014-12-25 08:42:50 - INFO - Unload Service Engine [:]
2014-12-25 08:42:50 - INFO - Unload Data Engine [:]
2014-12-25 08:42:50 - INFO - =========================================================== [:]
2014-12-25 08:43:11 - INFO - =========================================================== [:]
2014-12-25 08:43:11 - INFO - Starting Internet Map Server [:]
2014-12-25 08:43:11 - INFO - Load Data Engine [:]
2014-12-25 08:43:11 - ERROR - E:\Research\Auge.GIS\Dist\32_x86_win_vc10\binD\GShapeD.dll [e:\research\auge.gis\engine\data\gdengine\src\dataenginemanagerimpl.cpp:245]
2014-12-25 08:43:11 - ERROR - 找不到指定的模块。
 [e:\research\auge.gis\engine\data\gdengine\src\dataenginemanagerimpl.cpp:246]
2014-12-25 08:43:11 - INFO - Load Service Engine [:]
2014-12-25 08:43:11 - INFO - Load Config File [:]
2014-12-25 08:43:11 - INFO - Initialize IMS Database Connection [:]
2014-12-25 08:43:11 - DEBUG - select oid from pg_type where typname='geometry' [e:\research\auge.gis\engine\data\gpostgres\src\connectionpgs.cpp:148]
2014-12-25 08:43:11 - INFO - Load  [:]
2014-12-25 08:43:11 - INFO - Initialize Connection Pool [:]
2014-12-25 08:43:11 - DEBUG - select count(*) from pg_class where relname='g_data_source' [e:\research\auge.gis\engine\data\gpostgres\src\connectionpgs.cpp:148]
2014-12-25 08:43:11 - DEBUG - select gid,name,engine,uri,state from g_data_source [e:\research\auge.gis\engine\data\gpostgres\src\connectionpgs.cpp:96]
2014-12-25 08:43:11 - INFO - Initialize Carto Pool [:]
2014-12-25 08:43:11 - DEBUG - select count(*) from pg_class where relname='g_map' [e:\research\auge.gis\engine\data\gpostgres\src\connectionpgs.cpp:148]
2014-12-25 08:43:11 - DEBUG - select count(*) from pg_class where relname='g_style' [e:\research\auge.gis\engine\data\gpostgres\src\connectionpgs.cpp:148]
2014-12-25 08:43:11 - DEBUG - select count(*) from pg_class where relname='g_layer' [e:\research\auge.gis\engine\data\gpostgres\src\connectionpgs.cpp:148]
2014-12-25 08:43:11 - INFO - Initialize Service Pool [:]
2014-12-25 08:43:11 - DEBUG - select count(*) from pg_class where relname='g_service' [e:\research\auge.gis\engine\data\gpostgres\src\connectionpgs.cpp:148]
2014-12-25 08:43:11 - INFO - ----------------------------------------------------------- [:]
2014-12-25 08:43:11 - INFO - Internet Map Server Started. [:]
2014-12-25 08:43:11 - INFO - ----------------------------------------------------------- [:]
2014-12-25 08:43:11 - INFO - CGI [SERVER_NAME]:127.0.0.1 [:]
2014-12-25 08:43:11 - INFO - CGI [SERVER_SOFTWARE]:Apache/2.2.22 (Win32) mod_fcgid/2.3.5 [:]
2014-12-25 08:43:11 - INFO - CGI [GATEWAY_INTERFACE]:CGI/1.1 [:]
2014-12-25 08:43:11 - INFO - CGI [SERVER_PROTOCOL]:HTTP/1.1 [:]
2014-12-25 08:43:11 - INFO - CGI [SERVER_PORT]:8088 [:]
2014-12-25 08:43:11 - INFO - CGI [REQUEST_METHOD]:GET [:]
2014-12-25 08:43:11 - INFO - CGI [HTTP_HOST]:127.0.0.1:8088 [:]
2014-12-25 08:43:11 - INFO - CGI [HTTP_ACCEPT]:text/html, application/xhtml+xml, */* [:]
2014-12-25 08:43:11 - INFO - CGI [HTTP_USER_AGENT]:Mozilla/5.0 (Windows NT 6.1; WOW64; Trident/7.0; rv:11.0) like Gecko [:]
2014-12-25 08:43:11 - INFO - CGI [HTTP_REFERER]: [:]
2014-12-25 08:43:11 - INFO - CGI [PATH_INFO]: [:]
2014-12-25 08:43:11 - INFO - CGI [PATH_TRANSLATED]: [:]
2014-12-25 08:43:11 - INFO - CGI [SCRIPT_NAME]:/auge/ims.cgi [:]
2014-12-25 08:43:11 - INFO - CGI [SCRIPT_FILENAME]:E:/Research/Auge.GIS/Dist/32_x86_win_vc10/binD/ims.cgi [:]
2014-12-25 08:43:11 - INFO - CGI [QUERY_STRING]:servicename=world&service=wms&version=1.3.0&request=GetMap&layers=country,cities,rivers&styles=&bbox=-180,-90,180,90&width=800&height=600&transparent=false&bgcolor= [:]
2014-12-25 08:43:11 - INFO - CGI [REMOTE_HOST]: [:]
2014-12-25 08:43:11 - INFO - CGI [REMOTE_ADDR]:127.0.0.1 [:]
2014-12-25 08:43:11 - INFO - CGI [REMOTE_USER]: [:]
2014-12-25 08:43:11 - INFO - CGI [REMOTE_IDENT]: [:]
2014-12-25 08:43:11 - INFO - CGI [CONTENT_TYPE]: [:]
2014-12-25 08:43:11 - INFO - CGI [CONTENT_LENGTH]: [:]
2014-12-25 08:43:11 - DEBUG - select gid, m_id, version, state from g_service where s_name='world' [e:\research\auge.gis\engine\data\gpostgres\src\connectionpgs.cpp:96]
2014-12-25 08:43:11 - DEBUG - select m_name,version from g_map where gid=1 [e:\research\auge.gis\engine\data\gpostgres\src\connectionpgs.cpp:96]
2014-12-25 08:43:11 - DEBUG - select gid,l_ame,l_type,f_name,d_id,s_id,visible,r_b,w_b,q_b,version from g_layer where m_id=1 order by gid [e:\research\auge.gis\engine\data\gpostgres\src\connectionpgs.cpp:96]
2014-12-25 08:43:11 - DEBUG - select oid from pg_type where typname='geometry' [e:\research\auge.gis\engine\data\gpostgres\src\connectionpgs.cpp:148]
2014-12-25 08:43:11 - DEBUG - select s_name,s_text from g_style where gid=1 [e:\research\auge.gis\engine\data\gpostgres\src\connectionpgs.cpp:96]
2014-12-25 08:43:11 - DEBUG - select s_name,s_text from g_style where gid=2 [e:\research\auge.gis\engine\data\gpostgres\src\connectionpgs.cpp:96]
2014-12-25 08:43:11 - DEBUG - select s_name,s_text from g_style where gid=4 [e:\research\auge.gis\engine\data\gpostgres\src\connectionpgs.cpp:96]
2014-12-25 08:43:11 - DEBUG - servicename=world&service=wms&version=1.3.0&request=GetMap&layers=country,cities,rivers&styles=&bbox=-180,-90,180,90&width=800&height=600&transparent=false&bgcolor= [:]
2014-12-25 08:43:11 - INFO - [BgColor]:Red=1.000000,Green=1.000000,Blue=1.000000,Alpha=1.000000 [e:\research\auge.gis\engine\service\wmengine\src\getmaprequest.cpp:117]
2014-12-25 08:43:11 - INFO - [Alpha]:255 [e:\research\auge.gis\engine\service\wmengine\src\wmengine.cpp:204]
2014-12-25 08:43:11 - DEBUG - select st_asbinary(the_geom) as the_geom from rivers [e:\research\auge.gis\engine\data\gpostgres\src\connectionpgs.cpp:148]
2014-12-25 08:44:37 - INFO - =========================================================== [:]
2014-12-25 08:44:37 - INFO - Starting Internet Map Server [:]
2014-12-25 08:44:37 - INFO - Load Data Engine [:]
2014-12-25 08:44:37 - ERROR - E:\Research\Auge.GIS\Dist\32_x86_win_vc10\binD\GShapeD.dll [e:\research\auge.gis\engine\data\gdengine\src\dataenginemanagerimpl.cpp:245]
2014-12-25 08:44:37 - ERROR - 找不到指定的模块。
 [e:\research\auge.gis\engine\data\gdengine\src\dataenginemanagerimpl.cpp:246]
2014-12-25 08:44:37 - INFO - Load Service Engine [:]
2014-12-25 08:44:37 - INFO - Load Config File [:]
2014-12-25 08:44:37 - INFO - Initialize IMS Database Connection [:]
2014-12-25 08:44:37 - DEBUG - select oid from pg_type where typname='geometry' [e:\research\auge.gis\engine\data\gpostgres\src\connectionpgs.cpp:148]
2014-12-25 08:44:37 - INFO - Load  [:]
2014-12-25 08:44:37 - INFO - Initialize Connection Pool [:]
2014-12-25 08:44:37 - DEBUG - select count(*) from pg_class where relname='g_data_source' [e:\research\auge.gis\engine\data\gpostgres\src\connectionpgs.cpp:148]
2014-12-25 08:44:37 - DEBUG - select gid,name,engine,uri,state from g_data_source [e:\research\auge.gis\engine\data\gpostgres\src\connectionpgs.cpp:96]
2014-12-25 08:44:37 - INFO - Initialize Carto Pool [:]
2014-12-25 08:44:37 - DEBUG - select count(*) from pg_class where relname='g_map' [e:\research\auge.gis\engine\data\gpostgres\src\connectionpgs.cpp:148]
2014-12-25 08:44:37 - DEBUG - select count(*) from pg_class where relname='g_style' [e:\research\auge.gis\engine\data\gpostgres\src\connectionpgs.cpp:148]
2014-12-25 08:44:37 - DEBUG - select count(*) from pg_class where relname='g_layer' [e:\research\auge.gis\engine\data\gpostgres\src\connectionpgs.cpp:148]
2014-12-25 08:44:37 - INFO - Initialize Service Pool [:]
2014-12-25 08:44:37 - DEBUG - select count(*) from pg_class where relname='g_service' [e:\research\auge.gis\engine\data\gpostgres\src\connectionpgs.cpp:148]
2014-12-25 08:44:37 - INFO - ----------------------------------------------------------- [:]
2014-12-25 08:44:37 - INFO - Internet Map Server Started. [:]
2014-12-25 08:44:37 - INFO - ----------------------------------------------------------- [:]
2014-12-25 08:44:37 - INFO - CGI [SERVER_NAME]:127.0.0.1 [:]
2014-12-25 08:44:37 - INFO - CGI [SERVER_SOFTWARE]:Apache/2.2.22 (Win32) mod_fcgid/2.3.5 [:]
2014-12-25 08:44:37 - INFO - CGI [GATEWAY_INTERFACE]:CGI/1.1 [:]
2014-12-25 08:44:37 - INFO - CGI [SERVER_PROTOCOL]:HTTP/1.1 [:]
2014-12-25 08:44:37 - INFO - CGI [SERVER_PORT]:8088 [:]
2014-12-25 08:44:37 - INFO - CGI [REQUEST_METHOD]:GET [:]
2014-12-25 08:44:37 - INFO - CGI [HTTP_HOST]:127.0.0.1:8088 [:]
2014-12-25 08:44:37 - INFO - CGI [HTTP_ACCEPT]:text/html, application/xhtml+xml, */* [:]
2014-12-25 08:44:37 - INFO - CGI [HTTP_USER_AGENT]:Mozilla/5.0 (Windows NT 6.1; WOW64; Trident/7.0; rv:11.0) like Gecko [:]
2014-12-25 08:44:37 - INFO - CGI [HTTP_REFERER]: [:]
2014-12-25 08:44:37 - INFO - CGI [PATH_INFO]: [:]
2014-12-25 08:44:37 - INFO - CGI [PATH_TRANSLATED]: [:]
2014-12-25 08:44:37 - INFO - CGI [SCRIPT_NAME]:/auge/ims.cgi [:]
2014-12-25 08:44:37 - INFO - CGI [SCRIPT_FILENAME]:E:/Research/Auge.GIS/Dist/32_x86_win_vc10/binD/ims.cgi [:]
2014-12-25 08:44:37 - INFO - CGI [QUERY_STRING]:servicename=world&service=wms&version=1.3.0&request=GetMap&layers=cities,rivers,country&styles=point,line,polygon&bbox=-180,-90,180,90&width=800&height=600&transparent=true&bgcolor= [:]
2014-12-25 08:44:37 - INFO - CGI [REMOTE_HOST]: [:]
2014-12-25 08:44:37 - INFO - CGI [REMOTE_ADDR]:127.0.0.1 [:]
2014-12-25 08:44:37 - INFO - CGI [REMOTE_USER]: [:]
2014-12-25 08:44:37 - INFO - CGI [REMOTE_IDENT]: [:]
2014-12-25 08:44:37 - INFO - CGI [CONTENT_TYPE]: [:]
2014-12-25 08:44:37 - INFO - CGI [CONTENT_LENGTH]: [:]
2014-12-25 08:44:37 - DEBUG - select gid, m_id, version, state from g_service where s_name='world' [e:\research\auge.gis\engine\data\gpostgres\src\connectionpgs.cpp:96]
2014-12-25 08:44:37 - DEBUG - select m_name,version from g_map where gid=1 [e:\research\auge.gis\engine\data\gpostgres\src\connectionpgs.cpp:96]
2014-12-25 08:44:37 - DEBUG - select gid,l_ame,l_type,f_name,d_id,s_id,visible,r_b,w_b,q_b,version from g_layer where m_id=1 order by gid [e:\research\auge.gis\engine\data\gpostgres\src\connectionpgs.cpp:96]
2014-12-25 08:44:37 - DEBUG - select oid from pg_type where typname='geometry' [e:\research\auge.gis\engine\data\gpostgres\src\connectionpgs.cpp:148]
2014-12-25 08:44:37 - DEBUG - select s_name,s_text from g_style where gid=1 [e:\research\auge.gis\engine\data\gpostgres\src\connectionpgs.cpp:96]
2014-12-25 08:44:37 - DEBUG - select s_name,s_text from g_style where gid=2 [e:\research\auge.gis\engine\data\gpostgres\src\connectionpgs.cpp:96]
2014-12-25 08:44:37 - DEBUG - select s_name,s_text from g_style where gid=4 [e:\research\auge.gis\engine\data\gpostgres\src\connectionpgs.cpp:96]
2014-12-25 08:44:37 - DEBUG - servicename=world&service=wms&version=1.3.0&request=GetMap&layers=cities,rivers,country&styles=point,line,polygon&bbox=-180,-90,180,90&width=800&height=600&transparent=true&bgcolor= [:]
2014-12-25 08:44:37 - INFO - [BgColor]:Red=1.000000,Green=1.000000,Blue=1.000000,Alpha=0.000000 [e:\research\auge.gis\engine\service\wmengine\src\getmaprequest.cpp:117]
2014-12-25 08:44:37 - INFO - [Alpha]:0 [e:\research\auge.gis\engine\service\wmengine\src\wmengine.cpp:204]
2014-12-25 08:44:37 - DEBUG - select gid,s_text from g_style where s_name='polygon' [e:\research\auge.gis\engine\data\gpostgres\src\connectionpgs.cpp:96]
2014-12-25 08:44:37 - DEBUG - select st_asbinary(the_geom) as the_geom from country [e:\research\auge.gis\engine\data\gpostgres\src\connectionpgs.cpp:148]
2014-12-25 08:44:37 - DEBUG - select st_asbinary(the_geom) as the_geom from country [e:\research\auge.gis\engine\data\gpostgres\src\connectionpgs.cpp:148]
2014-12-25 08:44:37 - DEBUG - select gid,s_text from g_style where s_name='line' [e:\research\auge.gis\engine\data\gpostgres\src\connectionpgs.cpp:96]
2014-12-25 08:44:37 - DEBUG - select st_asbinary(the_geom) as the_geom from rivers [e:\research\auge.gis\engine\data\gpostgres\src\connectionpgs.cpp:148]
2014-12-25 08:44:37 - DEBUG - select st_asbinary(the_geom) as the_geom from rivers [e:\research\auge.gis\engine\data\gpostgres\src\connectionpgs.cpp:148]
2014-12-25 08:44:37 - DEBUG - select gid,s_text from g_style where s_name='point' [e:\research\auge.gis\engine\data\gpostgres\src\connectionpgs.cpp:96]
2014-12-25 08:44:37 - DEBUG - select st_asbinary(the_geom) as the_geom from cities [e:\research\auge.gis\engine\data\gpostgres\src\connectionpgs.cpp:148]
2014-12-25 08:44:38 - DEBUG - select st_asbinary(the_geom) as the_geom from cities [e:\research\auge.gis\engine\data\gpostgres\src\connectionpgs.cpp:148]
2014-12-25 08:44:38 - DEBUG - select st_asbinary(the_geom) as the_geom from cities [e:\research\auge.gis\engine\data\gpostgres\src\connectionpgs.cpp:148]
2014-12-25 08:44:38 - DEBUG - E:\Research\Auge.GIS\Dist\32_x86_win_vc10\binD\cache\map\4d8b411a-b8ae-4d10-8225-d1ac7b9dce3a.png [e:\research\auge.gis\engine\service\wmengine\src\getmapresponse.cpp:25]
2014-12-25 08:44:38 - INFO - [GetMap]:0.321毫秒 [:]
2014-12-25 08:44:55 - INFO - CGI [SERVER_NAME]:127.0.0.1 [:]
2014-12-25 08:44:55 - INFO - CGI [SERVER_SOFTWARE]:Apache/2.2.22 (Win32) mod_fcgid/2.3.5 [:]
2014-12-25 08:44:55 - INFO - CGI [GATEWAY_INTERFACE]:CGI/1.1 [:]
2014-12-25 08:44:55 - INFO - CGI [SERVER_PROTOCOL]:HTTP/1.1 [:]
2014-12-25 08:44:55 - INFO - CGI [SERVER_PORT]:8088 [:]
2014-12-25 08:44:55 - INFO - CGI [REQUEST_METHOD]:GET [:]
2014-12-25 08:44:55 - INFO - CGI [HTTP_HOST]:127.0.0.1:8088 [:]
2014-12-25 08:44:55 - INFO - CGI [HTTP_ACCEPT]:text/html, application/xhtml+xml, */* [:]
2014-12-25 08:44:55 - INFO - CGI [HTTP_USER_AGENT]:Mozilla/5.0 (Windows NT 6.1; WOW64; Trident/7.0; rv:11.0) like Gecko [:]
2014-12-25 08:44:55 - INFO - CGI [HTTP_REFERER]: [:]
2014-12-25 08:44:55 - INFO - CGI [PATH_INFO]: [:]
2014-12-25 08:44:55 - INFO - CGI [PATH_TRANSLATED]: [:]
2014-12-25 08:44:55 - INFO - CGI [SCRIPT_NAME]:/auge/ims.cgi [:]
2014-12-25 08:44:55 - INFO - CGI [SCRIPT_FILENAME]:E:/Research/Auge.GIS/Dist/32_x86_win_vc10/binD/ims.cgi [:]
2014-12-25 08:44:55 - INFO - CGI [QUERY_STRING]:servicename=world&service=wms&version=1.3.0&request=GetMap&layers=cities&styles=&bbox=-180,-90,180,90&width=800&height=600&transparent=false&bgcolor= [:]
2014-12-25 08:44:55 - INFO - CGI [REMOTE_HOST]: [:]
2014-12-25 08:44:55 - INFO - CGI [REMOTE_ADDR]:127.0.0.1 [:]
2014-12-25 08:44:55 - INFO - CGI [REMOTE_USER]: [:]
2014-12-25 08:44:55 - INFO - CGI [REMOTE_IDENT]: [:]
2014-12-25 08:44:55 - INFO - CGI [CONTENT_TYPE]: [:]
2014-12-25 08:44:55 - INFO - CGI [CONTENT_LENGTH]: [:]
2014-12-25 08:44:55 - DEBUG - servicename=world&service=wms&version=1.3.0&request=GetMap&layers=cities&styles=&bbox=-180,-90,180,90&width=800&height=600&transparent=false&bgcolor= [:]
2014-12-25 08:44:55 - INFO - [BgColor]:Red=1.000000,Green=1.000000,Blue=1.000000,Alpha=1.000000 [e:\research\auge.gis\engine\service\wmengine\src\getmaprequest.cpp:117]
2014-12-25 08:44:55 - INFO - [Alpha]:255 [e:\research\auge.gis\engine\service\wmengine\src\wmengine.cpp:204]
2014-12-25 08:44:55 - DEBUG - select st_asbinary(the_geom) as the_geom from cities [e:\research\auge.gis\engine\data\gpostgres\src\connectionpgs.cpp:148]
2014-12-25 08:44:55 - DEBUG - select st_asbinary(the_geom) as the_geom from cities [e:\research\auge.gis\engine\data\gpostgres\src\connectionpgs.cpp:148]
2014-12-25 08:44:55 - DEBUG - select st_asbinary(the_geom) as the_geom from cities [e:\research\auge.gis\engine\data\gpostgres\src\connectionpgs.cpp:148]
2014-12-25 08:44:55 - DEBUG - E:\Research\Auge.GIS\Dist\32_x86_win_vc10\binD\cache\map\edc92433-6ce5-49a2-9890-469960047316.png [e:\research\auge.gis\engine\service\wmengine\src\getmapresponse.cpp:25]
2014-12-25 08:44:55 - INFO - [GetMap]:0.106毫秒 [:]
2014-12-25 08:45:05 - INFO - CGI [SERVER_NAME]:127.0.0.1 [:]
2014-12-25 08:45:05 - INFO - CGI [SERVER_SOFTWARE]:Apache/2.2.22 (Win32) mod_fcgid/2.3.5 [:]
2014-12-25 08:45:05 - INFO - CGI [GATEWAY_INTERFACE]:CGI/1.1 [:]
2014-12-25 08:45:05 - INFO - CGI [SERVER_PROTOCOL]:HTTP/1.1 [:]
2014-12-25 08:45:05 - INFO - CGI [SERVER_PORT]:8088 [:]
2014-12-25 08:45:05 - INFO - CGI [REQUEST_METHOD]:GET [:]
2014-12-25 08:45:05 - INFO - CGI [HTTP_HOST]:127.0.0.1:8088 [:]
2014-12-25 08:45:05 - INFO - CGI [HTTP_ACCEPT]:text/html, application/xhtml+xml, */* [:]
2014-12-25 08:45:05 - INFO - CGI [HTTP_USER_AGENT]:Mozilla/5.0 (Windows NT 6.1; WOW64; Trident/7.0; rv:11.0) like Gecko [:]
2014-12-25 08:45:05 - INFO - CGI [HTTP_REFERER]: [:]
2014-12-25 08:45:05 - INFO - CGI [PATH_INFO]: [:]
2014-12-25 08:45:05 - INFO - CGI [PATH_TRANSLATED]: [:]
2014-12-25 08:45:05 - INFO - CGI [SCRIPT_NAME]:/auge/ims.cgi [:]
2014-12-25 08:45:05 - INFO - CGI [SCRIPT_FILENAME]:E:/Research/Auge.GIS/Dist/32_x86_win_vc10/binD/ims.cgi [:]
2014-12-25 08:45:05 - INFO - CGI [QUERY_STRING]:servicename=world&service=wms&version=1.3.0&request=GetMap&layers=country&styles=polygon_red&bbox=-180,-90,180,90&width=800&height=600&transparent=false&bgcolor= [:]
2014-12-25 08:45:05 - INFO - CGI [REMOTE_HOST]: [:]
2014-12-25 08:45:05 - INFO - CGI [REMOTE_ADDR]:127.0.0.1 [:]
2014-12-25 08:45:05 - INFO - CGI [REMOTE_USER]: [:]
2014-12-25 08:45:05 - INFO - CGI [REMOTE_IDENT]: [:]
2014-12-25 08:45:05 - INFO - CGI [CONTENT_TYPE]: [:]
2014-12-25 08:45:05 - INFO - CGI [CONTENT_LENGTH]: [:]
2014-12-25 08:45:05 - DEBUG - servicename=world&service=wms&version=1.3.0&request=GetMap&layers=country&styles=polygon_red&bbox=-180,-90,180,90&width=800&height=600&transparent=false&bgcolor= [:]
2014-12-25 08:45:05 - INFO - [BgColor]:Red=1.000000,Green=1.000000,Blue=1.000000,Alpha=1.000000 [e:\research\auge.gis\engine\service\wmengine\src\getmaprequest.cpp:117]
2014-12-25 08:45:05 - INFO - [Alpha]:255 [e:\research\auge.gis\engine\service\wmengine\src\wmengine.cpp:204]
2014-12-25 08:45:05 - DEBUG - select gid,s_text from g_style where s_name='polygon_red' [e:\research\auge.gis\engine\data\gpostgres\src\connectionpgs.cpp:96]
2014-12-25 08:45:05 - DEBUG - select st_asbinary(the_geom) as the_geom from country [e:\research\auge.gis\engine\data\gpostgres\src\connectionpgs.cpp:148]
2014-12-25 08:45:05 - DEBUG - E:\Research\Auge.GIS\Dist\32_x86_win_vc10\binD\cache\map\714a010f-4335-475c-9b55-5ff66fde6cd7.png [e:\research\auge.gis\engine\service\wmengine\src\getmapresponse.cpp:25]
2014-12-25 08:45:05 - INFO - [GetMap]:0.065毫秒 [:]
